npm error code ERESOLVE
npm error ERESOLVE could not resolve
npm error
npm error While resolving: react-day-picker@8.10.1
npm error Found: date-fns@4.1.0
npm error node_modules/date-fns
npm error   peerOptional date-fns@"^2.25.0 || ^3.2.0 || ^4.0.0" from @mui/x-date-pickers@7.28.3
npm error   node_modules/@mui/x-date-pickers
npm error     @mui/x-date-pickers@"^7.28.3" from the root project
npm error   date-fns@"^4.1.0" from the root project
npm error
npm error Could not resolve dependency:
npm error peer date-fns@"^2.28.0 || ^3.0.0" from react-day-picker@8.10.1
npm error node_modules/react-day-picker
npm error   react-day-picker@"^8.10.1" from the root project
npm error
npm error Conflicting peer dependency: date-fns@3.6.0
npm error node_modules/date-fns
npm error   peer date-fns@"^2.28.0 || ^3.0.0" from react-day-picker@8.10.1
npm error   node_modules/react-day-picker
npm error     react-day-picker@"^8.10.1" from the root project
npm error
npm error Fix the upstream dependency conflict, or retry
npm error this command with --force or --legacy-peer-deps
npm error to accept an incorrect (and potentially broken) dependency resolution.
npm error
npm error
npm error For a full report see:
npm error C:\Users\ELITEBOOK\AppData\Local\npm-cache\_logs\2025-06-06T21_03_40_893Z-eresolve-report.txt
npm error A complete log of this run can be found in: C:\Users\ELITEBOOK\AppData\Local\npm-cache\_logs\2025-06-06T21_03_40_893Z-debug-0.log
